Determining if the pthread_create exist failed with the following output:
Change Dir: /home/samir/Samir/Projects/vehicle_auto_ai_ros_ws/catkin_ws/build/CMakeFiles/CMakeTmp

Run Build Command:"/usr/bin/make" "cmTC_80fb2/fast"
/usr/bin/make -f CMakeFiles/cmTC_80fb2.dir/build.make CMakeFiles/cmTC_80fb2.dir/build
make[1]: Entering directory '/home/samir/Samir/Projects/vehicle_auto_ai_ros_ws/catkin_ws/build/CMakeFiles/CMakeTmp'
Building C object CMakeFiles/cmTC_80fb2.dir/CheckSymbolExists.c.o
/usr/bin/cc    -o CMakeFiles/cmTC_80fb2.dir/CheckSymbolExists.c.o   -c /home/samir/Samir/Projects/vehicle_auto_ai_ros_ws/catkin_ws/build/CMakeFiles/CMakeTmp/CheckSymbolExists.c
Linking C executable cmTC_80fb2
/usr/bin/cmake -E cmake_link_script CMakeFiles/cmTC_80fb2.dir/link.txt --verbose=1
/usr/bin/cc      -rdynamic CMakeFiles/cmTC_80fb2.dir/CheckSymbolExists.c.o  -o cmTC_80fb2 
CMakeFiles/cmTC_80fb2.dir/CheckSymbolExists.c.o: In function `main':
CheckSymbolExists.c:(.text+0x1b): undefined reference to `pthread_create'
collect2: error: ld returned 1 exit status
CMakeFiles/cmTC_80fb2.dir/build.make:97: recipe for target 'cmTC_80fb2' failed
make[1]: *** [cmTC_80fb2] Error 1
make[1]: Leaving directory '/home/samir/Samir/Projects/vehicle_auto_ai_ros_ws/catkin_ws/build/CMakeFiles/CMakeTmp'
Makefile:126: recipe for target 'cmTC_80fb2/fast' failed
make: *** [cmTC_80fb2/fast] Error 2

File /home/samir/Samir/Projects/vehicle_auto_ai_ros_ws/catkin_ws/build/CMakeFiles/CMakeTmp/CheckSymbolExists.c:
/* */
#include <pthread.h>

int main(int argc, char** argv)
{
  (void)argv;
#ifndef pthread_create
  return ((int*)(&pthread_create))[argc];
#else
  (void)argc;
  return 0;
#endif
}

Determining if the function pthread_create exists in the pthreads failed with the following output:
Change Dir: /home/samir/Samir/Projects/vehicle_auto_ai_ros_ws/catkin_ws/build/CMakeFiles/CMakeTmp

Run Build Command:"/usr/bin/make" "cmTC_dc375/fast"
/usr/bin/make -f CMakeFiles/cmTC_dc375.dir/build.make CMakeFiles/cmTC_dc375.dir/build
make[1]: Entering directory '/home/samir/Samir/Projects/vehicle_auto_ai_ros_ws/catkin_ws/build/CMakeFiles/CMakeTmp'
Building C object CMakeFiles/cmTC_dc375.dir/CheckFunctionExists.c.o
/usr/bin/cc   -DCHECK_FUNCTION_EXISTS=pthread_create   -o CMakeFiles/cmTC_dc375.dir/CheckFunctionExists.c.o   -c /usr/share/cmake-3.10/Modules/CheckFunctionExists.c
Linking C executable cmTC_dc375
/usr/bin/cmake -E cmake_link_script CMakeFiles/cmTC_dc375.dir/link.txt --verbose=1
/usr/bin/cc  -DCHECK_FUNCTION_EXISTS=pthread_create    -rdynamic CMakeFiles/cmTC_dc375.dir/CheckFunctionExists.c.o  -o cmTC_dc375 -lpthreads 
/usr/bin/ld: cannot find -lpthreads
collect2: error: ld returned 1 exit status
CMakeFiles/cmTC_dc375.dir/build.make:97: recipe for target 'cmTC_dc375' failed
make[1]: *** [cmTC_dc375] Error 1
make[1]: Leaving directory '/home/samir/Samir/Projects/vehicle_auto_ai_ros_ws/catkin_ws/build/CMakeFiles/CMakeTmp'
Makefile:126: recipe for target 'cmTC_dc375/fast' failed
make: *** [cmTC_dc375/fast] Error 2


